[07:29:15 +0000] [INFO]: NetworkX-cuGraph is unavailable: No module named 'cupy'.
INFO:nx_arangodb:NetworkX-cuGraph is unavailable: No module named 'cupy'.
Loading GraphML: data/schema_018.graphml
Loaded graph: 6 nodes, 7 edges
Arango config: {'host': 'http://host.docker.internal:8529', 'username': 'root', 'database_name': 'manufacturing_graphs', 'password': '***'}
📤 Persisting graph 'manufacturing_schema_v1' to ArangoDB...
   Graph type: DiGraph
   Nodes: 6
   Edges: 7
   Write batch size: 10000
DEBUG:urllib3.connectionpool:Starting new HTTP connection (1): host.docker.internal:8529
DEBUG:urllib3.connectionpool:http://host.docker.internal:8529 "GET /_db/manufacturing_graphs/_api/collection HTTP/1.1" 404 77
❌ Failed to persist graph: [HTTP 404][ERR 1228] database not found
Persist failed with exception:
Traceback (most recent call last):
  File "/workspaces/20241019 Python/scripts/persist_to_arango.py", line 99, in main
    adb_graph = persistence.persist_graph(G, name=name, write_batch_size=10000, overwrite=True)
                ^^^^^^^^^^^^^^^^^^^^^^^^^^^^^^^^^^^^^^^^^^^^^^^^^^^^^^^^^^^^^^^^^^^^^^^^^^^^^^^
  File "/workspaces/20241019 Python/020_Entry_Point_ArangoDB_Graph_Persistence.py", line 143, in persist_graph
    adb_graph = nxadb.DiGraph(
                ^^^^^^^^^^^^^^
  File "/workspaces/20241019 Python/.venv/lib/python3.11/site-packages/nx_arangodb/classes/digraph.py", line 167, in __init__
    super().__init__(
  File "/workspaces/20241019 Python/.venv/lib/python3.11/site-packages/nx_arangodb/classes/graph.py", line 204, in __init__
    self.__set_db(db)
  File "/workspaces/20241019 Python/.venv/lib/python3.11/site-packages/nx_arangodb/classes/graph.py", line 345, in __set_db
    self.__db = ArangoClient(hosts=self._hosts, request_timeout=None).db(
                ^^^^^^^^^^^^^^^^^^^^^^^^^^^^^^^^^^^^^^^^^^^^^^^^^^^^^^^^^
  File "/workspaces/20241019 Python/.venv/lib/python3.11/site-packages/arango/client.py", line 300, in db
    raise err
  File "/workspaces/20241019 Python/.venv/lib/python3.11/site-packages/arango/client.py", line 298, in db
    connection.ping()
  File "/workspaces/20241019 Python/.venv/lib/python3.11/site-packages/arango/connection.py", line 246, in ping
    raise ServerConnectionError(
arango.exceptions.ServerConnectionError: [HTTP 404][ERR 1228] database not found
